2026-06-29 14:08:53,986 - ERROR - Bot crashed: 'Application' object has no attribute '_Application__stop_running_marker' and no __dict__ for setting new attributes. Restarting in 5s...
2026-06-29 14:08:59,043 - ERROR - Bot crashed: 'Application' object has no attribute '_Application__stop_running_marker' and no __dict__ for setting new attributes. Restarting in 10s...
2026-06-29 14:09:09,089 - ERROR - Bot crashed: 'Application' object has no attribute '_Application__stop_running_marker' and no __dict__ for setting new attributes. Restarting in 15s...
2026-06-29 14:09:24,125 - ERROR - Bot crashed: 'Application' object has no attribute '_Application__stop_running_marker' and no __dict__ for setting new attributes. Restarting in 20s...
2026-06-29 14:09:44,191 - ERROR - Bot crashed: 'Application' object has no attribute '_Application__stop_running_marker' and no __dict__ for setting new attributes. Restarting in 25s...
2026-06-29 14:10:09,271 - ERROR - Bot crashed: 'Application' object has no attribute '_Application__stop_running_marker' and no __dict__ for setting new attributes. Restarting in 30s...
2026-06-29 14:10:39,368 - ERROR - Bot crashed: 'Application' object has no attribute '_Application__stop_running_marker' and no __dict__ for setting new attributes. Restarting in 30s...
2026-06-29 14:11:09,437 - ERROR - Bot crashed: 'Application' object has no attribute '_Application__stop_running_marker' and no __dict__ for setting new attributes. Restarting in 30s...
2026-06-29 14:11:39,506 - ERROR - Bot crashed: 'Application' object has no attribute '_Application__stop_running_marker' and no __dict__ for setting new attributes. Restarting in 30s...
2026-06-29 14:12:09,567 - ERROR - Bot crashed: 'Application' object has no attribute '_Application__stop_running_marker' and no __dict__ for setting new attributes. Restarting in 30s...
2026-06-29 14:12:39,629 - ERROR - Bot crashed: 'Application' object has no attribute '_Application__stop_running_marker' and no __dict__ for setting new attributes. Restarting in 30s...
2026-06-29 14:13:09,713 - ERROR - Bot crashed: 'Application' object has no attribute '_Application__stop_running_marker' and no __dict__ for setting new attributes. Restarting in 30s...
2026-06-29 14:13:39,778 - ERROR - Bot crashed: 'Application' object has no attribute '_Application__stop_running_marker' and no __dict__ for setting new attributes. Restarting in 30s...
2026-06-29 14:14:09,848 - ERROR - Bot crashed: 'Application' object has no attribute '_Application__stop_running_marker' and no __dict__ for setting new attributes. Restarting in 30s...
2026-06-29 14:14:39,909 - ERROR - Bot crashed: 'Application' object has no attribute '_Application__stop_running_marker' and no __dict__ for setting new attributes. Restarting in 30s...
2026-06-29 14:15:09,992 - ERROR - Bot crashed: 'Application' object has no attribute '_Application__stop_running_marker' and no __dict__ for setting new attributes. Restarting in 30s...
2026-06-29 14:15:40,054 - ERROR - Bot crashed: 'Application' object has no attribute '_Application__stop_running_marker' and no __dict__ for setting new attributes. Restarting in 30s...
2026-06-29 14:16:10,109 - ERROR - Bot crashed: 'Application' object has no attribute '_Application__stop_running_marker' and no __dict__ for setting new attributes. Restarting in 30s...
2026-06-29 14:16:40,146 - ERROR - Bot crashed: 'Application' object has no attribute '_Application__stop_running_marker' and no __dict__ for setting new attributes. Restarting in 30s...
2026-06-29 14:17:10,180 - ERROR - Bot crashed: 'Application' object has no attribute '_Application__stop_running_marker' and no __dict__ for setting new attributes. Restarting in 30s...
2026-06-29 14:17:40,220 - ERROR - Bot crashed: 'Application' object has no attribute '_Application__stop_running_marker' and no __dict__ for setting new attributes. Restarting in 30s...
2026-06-29 14:18:10,255 - ERROR - Bot crashed: 'Application' object has no attribute '_Application__stop_running_marker' and no __dict__ for setting new attributes. Restarting in 30s...
2026-06-29 14:18:40,293 - ERROR - Bot crashed: 'Application' object has no attribute '_Application__stop_running_marker' and no __dict__ for setting new attributes. Restarting in 30s...
2026-06-29 14:19:01,018 - ERROR - Bot crashed: 'Application' object has no attribute '_Application__stop_running_marker' and no __dict__ for setting new attributes. Restarting in 5s...
2026-06-29 14:19:06,056 - ERROR - Bot crashed: 'Application' object has no attribute '_Application__stop_running_marker' and no __dict__ for setting new attributes. Restarting in 10s...
2026-06-29 14:19:10,338 - ERROR - Bot crashed: 'Application' object has no attribute '_Application__stop_running_marker' and no __dict__ for setting new attributes. Restarting in 30s...
2026-06-29 14:19:34,769 - ERROR - Bot crashed: 'Application' object has no attribute '_Application__stop_running_marker' and no __dict__ for setting new attributes. Restarting in 5s...
2026-06-29 14:19:39,835 - ERROR - Bot crashed: 'Application' object has no attribute '_Application__stop_running_marker' and no __dict__ for setting new attributes. Restarting in 10s...
2026-06-29 14:23:03,846 - INFO - HTTP Request: POST https://api.telegram.org/bot8325558482:AAHwj1ShurXIqeHOSNuTjHUgaoHo85fmxN0/getMe "HTTP/1.1 200 OK"
2026-06-29 14:23:04,056 - INFO - HTTP Request: POST https://api.telegram.org/bot8325558482:AAHwj1ShurXIqeHOSNuTjHUgaoHo85fmxN0/deleteWebhook "HTTP/1.1 200 OK"
2026-06-29 14:23:04,061 - INFO - Application started
2026-06-29 14:23:15,275 - INFO - HTTP Request: POST https://api.telegram.org/bot8325558482:AAHwj1ShurXIqeHOSNuTjHUgaoHo85fmxN0/getUpdates "HTTP/1.1 200 OK"
2026-06-29 14:23:25,499 - INFO - HTTP Request: POST https://api.telegram.org/bot8325558482:AAHwj1ShurXIqeHOSNuTjHUgaoHo85fmxN0/getUpdates "HTTP/1.1 200 OK"
2026-06-29 14:23:26,770 - INFO - HTTP Request: POST https://api.telegram.org/bot8325558482:AAHwj1ShurXIqeHOSNuTjHUgaoHo85fmxN0/getUpdates "HTTP/1.1 200 OK"
2026-06-29 14:23:28,058 - INFO - HTTP Request: POST https://api.telegram.org/bot8325558482:AAHwj1ShurXIqeHOSNuTjHUgaoHo85fmxN0/sendMessage "HTTP/1.1 200 OK"
2026-06-29 14:23:37,004 - INFO - HTTP Request: POST https://api.telegram.org/bot8325558482:AAHwj1ShurXIqeHOSNuTjHUgaoHo85fmxN0/getUpdates "HTTP/1.1 200 OK"
2026-06-29 14:23:47,631 - INFO - HTTP Request: POST https://api.telegram.org/bot8325558482:AAHwj1ShurXIqeHOSNuTjHUgaoHo85fmxN0/getUpdates "HTTP/1.1 200 OK"
2026-06-29 14:23:57,885 - INFO - HTTP Request: POST https://api.telegram.org/bot8325558482:AAHwj1ShurXIqeHOSNuTjHUgaoHo85fmxN0/getUpdates "HTTP/1.1 200 OK"
2026-06-29 14:24:08,102 - INFO - HTTP Request: POST https://api.telegram.org/bot8325558482:AAHwj1ShurXIqeHOSNuTjHUgaoHo85fmxN0/getUpdates "HTTP/1.1 200 OK"
2026-06-29 14:24:18,388 - INFO - HTTP Request: POST https://api.telegram.org/bot8325558482:AAHwj1ShurXIqeHOSNuTjHUgaoHo85fmxN0/getUpdates "HTTP/1.1 200 OK"
2026-06-29 14:24:28,802 - INFO - HTTP Request: POST https://api.telegram.org/bot8325558482:AAHwj1ShurXIqeHOSNuTjHUgaoHo85fmxN0/getUpdates "HTTP/1.1 200 OK"
2026-06-29 14:24:39,657 - INFO - HTTP Request: POST https://api.telegram.org/bot8325558482:AAHwj1ShurXIqeHOSNuTjHUgaoHo85fmxN0/getUpdates "HTTP/1.1 200 OK"
2026-06-29 14:24:47,028 - INFO - HTTP Request: POST https://api.telegram.org/bot8325558482:AAHwj1ShurXIqeHOSNuTjHUgaoHo85fmxN0/getUpdates "HTTP/1.1 200 OK"
2026-06-29 14:24:48,015 - INFO - HTTP Request: POST https://api.telegram.org/bot8325558482:AAHwj1ShurXIqeHOSNuTjHUgaoHo85fmxN0/answerCallbackQuery "HTTP/1.1 200 OK"
2026-06-29 14:24:48,409 - INFO - HTTP Request: POST https://api.telegram.org/bot8325558482:AAHwj1ShurXIqeHOSNuTjHUgaoHo85fmxN0/editMessageText "HTTP/1.1 200 OK"
2026-06-29 14:24:57,797 - INFO - HTTP Request: POST https://api.telegram.org/bot8325558482:AAHwj1ShurXIqeHOSNuTjHUgaoHo85fmxN0/getUpdates "HTTP/1.1 200 OK"
2026-06-29 14:25:02,692 - INFO - HTTP Request: POST https://api.telegram.org/bot8325558482:AAHwj1ShurXIqeHOSNuTjHUgaoHo85fmxN0/getUpdates "HTTP/1.1 200 OK"
2026-06-29 14:25:03,717 - INFO - HTTP Request: POST https://api.telegram.org/bot8325558482:AAHwj1ShurXIqeHOSNuTjHUgaoHo85fmxN0/sendMessage "HTTP/1.1 200 OK"
2026-06-29 14:25:04,733 - ERROR - Phone error: (0) Missing or invalid default region.
2026-06-29 14:25:05,183 - INFO - HTTP Request: POST https://api.telegram.org/bot8325558482:AAHwj1ShurXIqeHOSNuTjHUgaoHo85fmxN0/sendMessage "HTTP/1.1 200 OK"
2026-06-29 14:25:12,923 - INFO - HTTP Request: POST https://api.telegram.org/bot8325558482:AAHwj1ShurXIqeHOSNuTjHUgaoHo85fmxN0/getUpdates "HTTP/1.1 200 OK"
2026-06-29 14:25:14,273 - INFO - HTTP Request: POST https://api.telegram.org/bot8325558482:AAHwj1ShurXIqeHOSNuTjHUgaoHo85fmxN0/getUpdates "HTTP/1.1 200 OK"
2026-06-29 14:25:15,056 - INFO - HTTP Request: POST https://api.telegram.org/bot8325558482:AAHwj1ShurXIqeHOSNuTjHUgaoHo85fmxN0/answerCallbackQuery "HTTP/1.1 200 OK"
2026-06-29 14:25:15,725 - INFO - HTTP Request: POST https://api.telegram.org/bot8325558482:AAHwj1ShurXIqeHOSNuTjHUgaoHo85fmxN0/editMessageText "HTTP/1.1 200 OK"
2026-06-29 14:25:18,457 - INFO - HTTP Request: POST https://api.telegram.org/bot8325558482:AAHwj1ShurXIqeHOSNuTjHUgaoHo85fmxN0/getUpdates "HTTP/1.1 200 OK"
2026-06-29 14:25:18,829 - INFO - HTTP Request: POST https://api.telegram.org/bot8325558482:AAHwj1ShurXIqeHOSNuTjHUgaoHo85fmxN0/answerCallbackQuery "HTTP/1.1 200 OK"
2026-06-29 14:25:19,215 - INFO - HTTP Request: POST https://api.telegram.org/bot8325558482:AAHwj1ShurXIqeHOSNuTjHUgaoHo85fmxN0/editMessageText "HTTP/1.1 200 OK"
2026-06-29 14:25:28,672 - INFO - HTTP Request: POST https://api.telegram.org/bot8325558482:AAHwj1ShurXIqeHOSNuTjHUgaoHo85fmxN0/getUpdates "HTTP/1.1 200 OK"
2026-06-29 14:25:38,889 - INFO - HTTP Request: POST https://api.telegram.org/bot8325558482:AAHwj1ShurXIqeHOSNuTjHUgaoHo85fmxN0/getUpdates "HTTP/1.1 200 OK"
2026-06-29 14:25:41,434 - INFO - HTTP Request: POST https://api.telegram.org/bot8325558482:AAHwj1ShurXIqeHOSNuTjHUgaoHo85fmxN0/getUpdates "HTTP/1.1 200 OK"
2026-06-29 14:25:43,246 - INFO - HTTP Request: POST https://api.telegram.org/bot8325558482:AAHwj1ShurXIqeHOSNuTjHUgaoHo85fmxN0/sendMessage "HTTP/1.1 200 OK"
2026-06-29 14:25:43,779 - INFO - HTTP Request: POST https://api.telegram.org/bot8325558482:AAHwj1ShurXIqeHOSNuTjHUgaoHo85fmxN0/sendMessage "HTTP/1.1 200 OK"
2026-06-29 14:25:51,845 - INFO - HTTP Request: POST https://api.telegram.org/bot8325558482:AAHwj1ShurXIqeHOSNuTjHUgaoHo85fmxN0/getUpdates "HTTP/1.1 200 OK"
2026-06-29 14:26:02,068 - INFO - HTTP Request: POST https://api.telegram.org/bot8325558482:AAHwj1ShurXIqeHOSNuTjHUgaoHo85fmxN0/getUpdates "HTTP/1.1 200 OK"
2026-06-29 14:26:12,315 - INFO - HTTP Request: POST https://api.telegram.org/bot8325558482:AAHwj1ShurXIqeHOSNuTjHUgaoHo85fmxN0/getUpdates "HTTP/1.1 200 OK"
2026-06-29 14:26:22,619 - INFO - HTTP Request: POST https://api.telegram.org/bot8325558482:AAHwj1ShurXIqeHOSNuTjHUgaoHo85fmxN0/getUpdates "HTTP/1.1 200 OK"
2026-06-29 14:26:32,837 - INFO - HTTP Request: POST https://api.telegram.org/bot8325558482:AAHwj1ShurXIqeHOSNuTjHUgaoHo85fmxN0/getUpdates "HTTP/1.1 200 OK"
2026-06-29 14:26:43,873 - INFO - HTTP Request: POST https://api.telegram.org/bot8325558482:AAHwj1ShurXIqeHOSNuTjHUgaoHo85fmxN0/getUpdates "HTTP/1.1 200 OK"
2026-06-29 14:26:54,091 - INFO - HTTP Request: POST https://api.telegram.org/bot8325558482:AAHwj1ShurXIqeHOSNuTjHUgaoHo85fmxN0/getUpdates "HTTP/1.1 200 OK"
2026-06-29 14:27:04,851 - INFO - HTTP Request: POST https://api.telegram.org/bot8325558482:AAHwj1ShurXIqeHOSNuTjHUgaoHo85fmxN0/getUpdates "HTTP/1.1 200 OK"
2026-06-29 14:27:15,062 - INFO - HTTP Request: POST https://api.telegram.org/bot8325558482:AAHwj1ShurXIqeHOSNuTjHUgaoHo85fmxN0/getUpdates "HTTP/1.1 200 OK"
2026-06-29 14:27:25,285 - INFO - HTTP Request: POST https://api.telegram.org/bot8325558482:AAHwj1ShurXIqeHOSNuTjHUgaoHo85fmxN0/getUpdates "HTTP/1.1 200 OK"
2026-06-29 14:27:35,502 - INFO - HTTP Request: POST https://api.telegram.org/bot8325558482:AAHwj1ShurXIqeHOSNuTjHUgaoHo85fmxN0/getUpdates "HTTP/1.1 200 OK"
2026-06-29 14:27:45,725 - INFO - HTTP Request: POST https://api.telegram.org/bot8325558482:AAHwj1ShurXIqeHOSNuTjHUgaoHo85fmxN0/getUpdates "HTTP/1.1 200 OK"
2026-06-29 14:27:55,941 - INFO - HTTP Request: POST https://api.telegram.org/bot8325558482:AAHwj1ShurXIqeHOSNuTjHUgaoHo85fmxN0/getUpdates "HTTP/1.1 200 OK"
2026-06-29 14:28:06,155 - INFO - HTTP Request: POST https://api.telegram.org/bot8325558482:AAHwj1ShurXIqeHOSNuTjHUgaoHo85fmxN0/getUpdates "HTTP/1.1 200 OK"
2026-06-29 14:28:16,372 - INFO - HTTP Request: POST https://api.telegram.org/bot8325558482:AAHwj1ShurXIqeHOSNuTjHUgaoHo85fmxN0/getUpdates "HTTP/1.1 200 OK"
2026-06-29 14:28:26,589 - INFO - HTTP Request: POST https://api.telegram.org/bot8325558482:AAHwj1ShurXIqeHOSNuTjHUgaoHo85fmxN0/getUpdates "HTTP/1.1 200 OK"
2026-06-29 14:28:32,663 - INFO - HTTP Request: POST https://api.telegram.org/bot8325558482:AAHwj1ShurXIqeHOSNuTjHUgaoHo85fmxN0/getUpdates "HTTP/1.1 200 OK"
2026-06-29 14:28:33,521 - INFO - HTTP Request: POST https://api.telegram.org/bot8325558482:AAHwj1ShurXIqeHOSNuTjHUgaoHo85fmxN0/answerCallbackQuery "HTTP/1.1 200 OK"
2026-06-29 14:28:33,938 - INFO - HTTP Request: POST https://api.telegram.org/bot8325558482:AAHwj1ShurXIqeHOSNuTjHUgaoHo85fmxN0/editMessageText "HTTP/1.1 200 OK"
2026-06-29 14:28:42,888 - INFO - HTTP Request: POST https://api.telegram.org/bot8325558482:AAHwj1ShurXIqeHOSNuTjHUgaoHo85fmxN0/getUpdates "HTTP/1.1 200 OK"
2026-06-29 14:28:49,628 - INFO - HTTP Request: POST https://api.telegram.org/bot8325558482:AAHwj1ShurXIqeHOSNuTjHUgaoHo85fmxN0/getUpdates "HTTP/1.1 200 OK"
2026-06-29 14:28:50,656 - INFO - HTTP Request: POST https://api.telegram.org/bot8325558482:AAHwj1ShurXIqeHOSNuTjHUgaoHo85fmxN0/answerCallbackQuery "HTTP/1.1 200 OK"
2026-06-29 14:28:51,037 - INFO - HTTP Request: POST https://api.telegram.org/bot8325558482:AAHwj1ShurXIqeHOSNuTjHUgaoHo85fmxN0/editMessageText "HTTP/1.1 200 OK"
2026-06-29 14:29:00,038 - INFO - HTTP Request: POST https://api.telegram.org/bot8325558482:AAHwj1ShurXIqeHOSNuTjHUgaoHo85fmxN0/getUpdates "HTTP/1.1 200 OK"
2026-06-29 14:29:10,263 - INFO - HTTP Request: POST https://api.telegram.org/bot8325558482:AAHwj1ShurXIqeHOSNuTjHUgaoHo85fmxN0/getUpdates "HTTP/1.1 200 OK"
2026-06-29 14:29:20,527 - INFO - HTTP Request: POST https://api.telegram.org/bot8325558482:AAHwj1ShurXIqeHOSNuTjHUgaoHo85fmxN0/getUpdates "HTTP/1.1 200 OK"
2026-06-29 14:29:31,312 - INFO - HTTP Request: POST https://api.telegram.org/bot8325558482:AAHwj1ShurXIqeHOSNuTjHUgaoHo85fmxN0/getUpdates "HTTP/1.1 200 OK"
2026-06-29 14:29:41,765 - INFO - HTTP Request: POST https://api.telegram.org/bot8325558482:AAHwj1ShurXIqeHOSNuTjHUgaoHo85fmxN0/getUpdates "HTTP/1.1 200 OK"
2026-06-29 14:30:08,020 - INFO - HTTP Request: POST https://api.telegram.org/bot8325558482:AAHwj1ShurXIqeHOSNuTjHUgaoHo85fmxN0/getUpdates "HTTP/1.1 200 OK"
2026-06-29 14:30:18,225 - INFO - HTTP Request: POST https://api.telegram.org/bot8325558482:AAHwj1ShurXIqeHOSNuTjHUgaoHo85fmxN0/getUpdates "HTTP/1.1 200 OK"
2026-06-29 14:30:28,428 - INFO - HTTP Request: POST https://api.telegram.org/bot8325558482:AAHwj1ShurXIqeHOSNuTjHUgaoHo85fmxN0/getUpdates "HTTP/1.1 200 OK"
2026-06-29 14:30:38,919 - INFO - HTTP Request: POST https://api.telegram.org/bot8325558482:AAHwj1ShurXIqeHOSNuTjHUgaoHo85fmxN0/getUpdates "HTTP/1.1 200 OK"
2026-06-29 14:30:49,336 - INFO - HTTP Request: POST https://api.telegram.org/bot8325558482:AAHwj1ShurXIqeHOSNuTjHUgaoHo85fmxN0/getUpdates "HTTP/1.1 200 OK"
2026-06-29 14:30:59,595 - INFO - HTTP Request: POST https://api.telegram.org/bot8325558482:AAHwj1ShurXIqeHOSNuTjHUgaoHo85fmxN0/getUpdates "HTTP/1.1 200 OK"
2026-06-29 14:31:09,823 - INFO - HTTP Request: POST https://api.telegram.org/bot8325558482:AAHwj1ShurXIqeHOSNuTjHUgaoHo85fmxN0/getUpdates "HTTP/1.1 200 OK"
2026-06-29 14:31:20,028 - INFO - HTTP Request: POST https://api.telegram.org/bot8325558482:AAHwj1ShurXIqeHOSNuTjHUgaoHo85fmxN0/getUpdates "HTTP/1.1 200 OK"
2026-06-29 14:31:30,234 - INFO - HTTP Request: POST https://api.telegram.org/bot8325558482:AAHwj1ShurXIqeHOSNuTjHUgaoHo85fmxN0/getUpdates "HTTP/1.1 200 OK"
2026-06-29 14:31:40,442 - INFO - HTTP Request: POST https://api.telegram.org/bot8325558482:AAHwj1ShurXIqeHOSNuTjHUgaoHo85fmxN0/getUpdates "HTTP/1.1 200 OK"
2026-06-29 14:31:50,646 - INFO - HTTP Request: POST https://api.telegram.org/bot8325558482:AAHwj1ShurXIqeHOSNuTjHUgaoHo85fmxN0/getUpdates "HTTP/1.1 200 OK"
2026-06-29 14:32:00,855 - INFO - HTTP Request: POST https://api.telegram.org/bot8325558482:AAHwj1ShurXIqeHOSNuTjHUgaoHo85fmxN0/getUpdates "HTTP/1.1 200 OK"
2026-06-29 14:32:11,144 - INFO - HTTP Request: POST https://api.telegram.org/bot8325558482:AAHwj1ShurXIqeHOSNuTjHUgaoHo85fmxN0/getUpdates "HTTP/1.1 200 OK"
2026-06-29 14:32:21,351 - INFO - HTTP Request: POST https://api.telegram.org/bot8325558482:AAHwj1ShurXIqeHOSNuTjHUgaoHo85fmxN0/getUpdates "HTTP/1.1 200 OK"
2026-06-29 14:32:31,583 - INFO - HTTP Request: POST https://api.telegram.org/bot8325558482:AAHwj1ShurXIqeHOSNuTjHUgaoHo85fmxN0/getUpdates "HTTP/1.1 200 OK"
2026-06-29 14:32:41,788 - INFO - HTTP Request: POST https://api.telegram.org/bot8325558482:AAHwj1ShurXIqeHOSNuTjHUgaoHo85fmxN0/getUpdates "HTTP/1.1 200 OK"
2026-06-29 14:32:52,000 - INFO - HTTP Request: POST https://api.telegram.org/bot8325558482:AAHwj1ShurXIqeHOSNuTjHUgaoHo85fmxN0/getUpdates "HTTP/1.1 200 OK"
2026-06-29 14:33:02,207 - INFO - HTTP Request: POST https://api.telegram.org/bot8325558482:AAHwj1ShurXIqeHOSNuTjHUgaoHo85fmxN0/getUpdates "HTTP/1.1 200 OK"
2026-06-29 14:33:11,248 - INFO - HTTP Request: POST https://api.telegram.org/bot8325558482:AAHwj1ShurXIqeHOSNuTjHUgaoHo85fmxN0/getUpdates "HTTP/1.1 200 OK"
2026-06-29 14:33:12,174 - INFO - HTTP Request: POST https://api.telegram.org/bot8325558482:AAHwj1ShurXIqeHOSNuTjHUgaoHo85fmxN0/sendMessage "HTTP/1.1 200 OK"
2026-06-29 14:33:18,180 - INFO - HTTP Request: POST https://api.telegram.org/bot8325558482:AAHwj1ShurXIqeHOSNuTjHUgaoHo85fmxN0/getUpdates "HTTP/1.1 200 OK"
2026-06-29 14:33:18,997 - INFO - HTTP Request: POST https://api.telegram.org/bot8325558482:AAHwj1ShurXIqeHOSNuTjHUgaoHo85fmxN0/answerCallbackQuery "HTTP/1.1 200 OK"
2026-06-29 14:33:19,579 - INFO - HTTP Request: POST https://api.telegram.org/bot8325558482:AAHwj1ShurXIqeHOSNuTjHUgaoHo85fmxN0/editMessageText "HTTP/1.1 200 OK"
2026-06-29 14:33:28,393 - INFO - HTTP Request: POST https://api.telegram.org/bot8325558482:AAHwj1ShurXIqeHOSNuTjHUgaoHo85fmxN0/getUpdates "HTTP/1.1 200 OK"
2026-06-29 14:33:38,661 - INFO - HTTP Request: POST https://api.telegram.org/bot8325558482:AAHwj1ShurXIqeHOSNuTjHUgaoHo85fmxN0/getUpdates "HTTP/1.1 200 OK"
2026-06-29 14:33:48,900 - INFO - HTTP Request: POST https://api.telegram.org/bot8325558482:AAHwj1ShurXIqeHOSNuTjHUgaoHo85fmxN0/getUpdates "HTTP/1.1 200 OK"
2026-06-29 14:33:49,253 - INFO - HTTP Request: POST https://api.telegram.org/bot8325558482:AAHwj1ShurXIqeHOSNuTjHUgaoHo85fmxN0/getUpdates "HTTP/1.1 200 OK"
2026-06-29 14:33:50,236 - INFO - HTTP Request: POST https://api.telegram.org/bot8325558482:AAHwj1ShurXIqeHOSNuTjHUgaoHo85fmxN0/sendMessage "HTTP/1.1 200 OK"
2026-06-29 14:33:59,475 - INFO - HTTP Request: POST https://api.telegram.org/bot8325558482:AAHwj1ShurXIqeHOSNuTjHUgaoHo85fmxN0/getUpdates "HTTP/1.1 200 OK"
2026-06-29 14:34:04,946 - INFO - HTTP Request: POST https://api.telegram.org/bot8325558482:AAHwj1ShurXIqeHOSNuTjHUgaoHo85fmxN0/getUpdates "HTTP/1.1 200 OK"
2026-06-29 14:34:06,021 - INFO - HTTP Request: POST https://api.telegram.org/bot8325558482:AAHwj1ShurXIqeHOSNuTjHUgaoHo85fmxN0/sendMessage "HTTP/1.1 200 OK"
2026-06-29 14:34:15,170 - INFO - HTTP Request: POST https://api.telegram.org/bot8325558482:AAHwj1ShurXIqeHOSNuTjHUgaoHo85fmxN0/getUpdates "HTTP/1.1 200 OK"
2026-06-29 14:34:25,387 - INFO - HTTP Request: POST https://api.telegram.org/bot8325558482:AAHwj1ShurXIqeHOSNuTjHUgaoHo85fmxN0/getUpdates "HTTP/1.1 200 OK"
2026-06-29 14:34:35,779 - INFO - HTTP Request: POST https://api.telegram.org/bot8325558482:AAHwj1ShurXIqeHOSNuTjHUgaoHo85fmxN0/getUpdates "HTTP/1.1 200 OK"
2026-06-29 14:34:45,991 - INFO - HTTP Request: POST https://api.telegram.org/bot8325558482:AAHwj1ShurXIqeHOSNuTjHUgaoHo85fmxN0/getUpdates "HTTP/1.1 200 OK"
2026-06-29 14:34:52,685 - INFO - HTTP Request: POST https://api.telegram.org/bot8325558482:AAHwj1ShurXIqeHOSNuTjHUgaoHo85fmxN0/getUpdates "HTTP/1.1 200 OK"
2026-06-29 14:34:53,625 - INFO - HTTP Request: POST https://api.telegram.org/bot8325558482:AAHwj1ShurXIqeHOSNuTjHUgaoHo85fmxN0/sendMessage "HTTP/1.1 200 OK"
2026-06-29 14:35:02,892 - INFO - HTTP Request: POST https://api.telegram.org/bot8325558482:AAHwj1ShurXIqeHOSNuTjHUgaoHo85fmxN0/getUpdates "HTTP/1.1 200 OK"
2026-06-29 14:35:13,101 - INFO - HTTP Request: POST https://api.telegram.org/bot8325558482:AAHwj1ShurXIqeHOSNuTjHUgaoHo85fmxN0/getUpdates "HTTP/1.1 200 OK"
2026-06-29 14:35:23,311 - INFO - HTTP Request: POST https://api.telegram.org/bot8325558482:AAHwj1ShurXIqeHOSNuTjHUgaoHo85fmxN0/getUpdates "HTTP/1.1 200 OK"
2026-06-29 14:35:33,548 - INFO - HTTP Request: POST https://api.telegram.org/bot8325558482:AAHwj1ShurXIqeHOSNuTjHUgaoHo85fmxN0/getUpdates "HTTP/1.1 200 OK"
2026-06-29 14:35:43,780 - INFO - HTTP Request: POST https://api.telegram.org/bot8325558482:AAHwj1ShurXIqeHOSNuTjHUgaoHo85fmxN0/getUpdates "HTTP/1.1 200 OK"
2026-06-29 14:35:53,983 - INFO - HTTP Request: POST https://api.telegram.org/bot8325558482:AAHwj1ShurXIqeHOSNuTjHUgaoHo85fmxN0/getUpdates "HTTP/1.1 200 OK"
2026-06-29 14:36:04,190 - INFO - HTTP Request: POST https://api.telegram.org/bot8325558482:AAHwj1ShurXIqeHOSNuTjHUgaoHo85fmxN0/getUpdates "HTTP/1.1 200 OK"
2026-06-29 14:36:14,399 - INFO - HTTP Request: POST https://api.telegram.org/bot8325558482:AAHwj1ShurXIqeHOSNuTjHUgaoHo85fmxN0/getUpdates "HTTP/1.1 200 OK"
2026-06-29 14:36:24,606 - INFO - HTTP Request: POST https://api.telegram.org/bot8325558482:AAHwj1ShurXIqeHOSNuTjHUgaoHo85fmxN0/getUpdates "HTTP/1.1 200 OK"
2026-06-29 14:36:34,811 - INFO - HTTP Request: POST https://api.telegram.org/bot8325558482:AAHwj1ShurXIqeHOSNuTjHUgaoHo85fmxN0/getUpdates "HTTP/1.1 200 OK"
2026-06-29 14:36:45,019 - INFO - HTTP Request: POST https://api.telegram.org/bot8325558482:AAHwj1ShurXIqeHOSNuTjHUgaoHo85fmxN0/getUpdates "HTTP/1.1 200 OK"
2026-06-29 14:36:55,222 - INFO - HTTP Request: POST https://api.telegram.org/bot8325558482:AAHwj1ShurXIqeHOSNuTjHUgaoHo85fmxN0/getUpdates "HTTP/1.1 200 OK"
2026-06-29 14:37:05,497 - INFO - HTTP Request: POST https://api.telegram.org/bot8325558482:AAHwj1ShurXIqeHOSNuTjHUgaoHo85fmxN0/getUpdates "HTTP/1.1 200 OK"
2026-06-29 14:37:15,703 - INFO - HTTP Request: POST https://api.telegram.org/bot8325558482:AAHwj1ShurXIqeHOSNuTjHUgaoHo85fmxN0/getUpdates "HTTP/1.1 200 OK"
2026-06-29 14:37:25,905 - INFO - HTTP Request: POST https://api.telegram.org/bot8325558482:AAHwj1ShurXIqeHOSNuTjHUgaoHo85fmxN0/getUpdates "HTTP/1.1 200 OK"
2026-06-29 14:37:36,110 - INFO - HTTP Request: POST https://api.telegram.org/bot8325558482:AAHwj1ShurXIqeHOSNuTjHUgaoHo85fmxN0/getUpdates "HTTP/1.1 200 OK"
2026-06-29 14:37:46,327 - INFO - HTTP Request: POST https://api.telegram.org/bot8325558482:AAHwj1ShurXIqeHOSNuTjHUgaoHo85fmxN0/getUpdates "HTTP/1.1 200 OK"
2026-06-29 14:37:56,542 - INFO - HTTP Request: POST https://api.telegram.org/bot8325558482:AAHwj1ShurXIqeHOSNuTjHUgaoHo85fmxN0/getUpdates "HTTP/1.1 200 OK"
2026-06-29 14:38:06,778 - INFO - HTTP Request: POST https://api.telegram.org/bot8325558482:AAHwj1ShurXIqeHOSNuTjHUgaoHo85fmxN0/getUpdates "HTTP/1.1 200 OK"
2026-06-29 14:38:17,059 - INFO - HTTP Request: POST https://api.telegram.org/bot8325558482:AAHwj1ShurXIqeHOSNuTjHUgaoHo85fmxN0/getUpdates "HTTP/1.1 200 OK"
2026-06-29 14:38:27,281 - INFO - HTTP Request: POST https://api.telegram.org/bot8325558482:AAHwj1ShurXIqeHOSNuTjHUgaoHo85fmxN0/getUpdates "HTTP/1.1 200 OK"
2026-06-29 14:38:37,514 - INFO - HTTP Request: POST https://api.telegram.org/bot8325558482:AAHwj1ShurXIqeHOSNuTjHUgaoHo85fmxN0/getUpdates "HTTP/1.1 200 OK"
2026-06-29 14:38:47,753 - INFO - HTTP Request: POST https://api.telegram.org/bot8325558482:AAHwj1ShurXIqeHOSNuTjHUgaoHo85fmxN0/getUpdates "HTTP/1.1 200 OK"
2026-06-29 14:38:58,017 - INFO - HTTP Request: POST https://api.telegram.org/bot8325558482:AAHwj1ShurXIqeHOSNuTjHUgaoHo85fmxN0/getUpdates "HTTP/1.1 200 OK"
2026-06-29 14:39:08,223 - INFO - HTTP Request: POST https://api.telegram.org/bot8325558482:AAHwj1ShurXIqeHOSNuTjHUgaoHo85fmxN0/getUpdates "HTTP/1.1 200 OK"
2026-06-29 14:39:18,437 - INFO - HTTP Request: POST https://api.telegram.org/bot8325558482:AAHwj1ShurXIqeHOSNuTjHUgaoHo85fmxN0/getUpdates "HTTP/1.1 200 OK"
2026-06-29 14:39:28,683 - INFO - HTTP Request: POST https://api.telegram.org/bot8325558482:AAHwj1ShurXIqeHOSNuTjHUgaoHo85fmxN0/getUpdates "HTTP/1.1 200 OK"
2026-06-29 14:39:38,896 - INFO - HTTP Request: POST https://api.telegram.org/bot8325558482:AAHwj1ShurXIqeHOSNuTjHUgaoHo85fmxN0/getUpdates "HTTP/1.1 200 OK"
2026-06-29 14:39:49,121 - INFO - HTTP Request: POST https://api.telegram.org/bot8325558482:AAHwj1ShurXIqeHOSNuTjHUgaoHo85fmxN0/getUpdates "HTTP/1.1 200 OK"
2026-06-29 14:39:59,327 - INFO - HTTP Request: POST https://api.telegram.org/bot8325558482:AAHwj1ShurXIqeHOSNuTjHUgaoHo85fmxN0/getUpdates "HTTP/1.1 200 OK"
2026-06-29 14:40:09,536 - INFO - HTTP Request: POST https://api.telegram.org/bot8325558482:AAHwj1ShurXIqeHOSNuTjHUgaoHo85fmxN0/getUpdates "HTTP/1.1 200 OK"
2026-06-29 14:40:19,760 - INFO - HTTP Request: POST https://api.telegram.org/bot8325558482:AAHwj1ShurXIqeHOSNuTjHUgaoHo85fmxN0/getUpdates "HTTP/1.1 200 OK"
2026-06-29 14:40:29,978 - INFO - HTTP Request: POST https://api.telegram.org/bot8325558482:AAHwj1ShurXIqeHOSNuTjHUgaoHo85fmxN0/getUpdates "HTTP/1.1 200 OK"
2026-06-29 14:40:40,319 - INFO - HTTP Request: POST https://api.telegram.org/bot8325558482:AAHwj1ShurXIqeHOSNuTjHUgaoHo85fmxN0/getUpdates "HTTP/1.1 200 OK"
2026-06-29 14:40:50,524 - INFO - HTTP Request: POST https://api.telegram.org/bot8325558482:AAHwj1ShurXIqeHOSNuTjHUgaoHo85fmxN0/getUpdates "HTTP/1.1 200 OK"
2026-06-29 14:41:00,732 - INFO - HTTP Request: POST https://api.telegram.org/bot8325558482:AAHwj1ShurXIqeHOSNuTjHUgaoHo85fmxN0/getUpdates "HTTP/1.1 200 OK"
2026-06-29 14:41:11,250 - INFO - HTTP Request: POST https://api.telegram.org/bot8325558482:AAHwj1ShurXIqeHOSNuTjHUgaoHo85fmxN0/getUpdates "HTTP/1.1 200 OK"
2026-06-29 14:41:21,459 - INFO - HTTP Request: POST https://api.telegram.org/bot8325558482:AAHwj1ShurXIqeHOSNuTjHUgaoHo85fmxN0/getUpdates "HTTP/1.1 200 OK"
2026-06-29 14:41:31,672 - INFO - HTTP Request: POST https://api.telegram.org/bot8325558482:AAHwj1ShurXIqeHOSNuTjHUgaoHo85fmxN0/getUpdates "HTTP/1.1 200 OK"
2026-06-29 14:41:41,883 - INFO - HTTP Request: POST https://api.telegram.org/bot8325558482:AAHwj1ShurXIqeHOSNuTjHUgaoHo85fmxN0/getUpdates "HTTP/1.1 200 OK"
2026-06-29 14:41:52,091 - INFO - HTTP Request: POST https://api.telegram.org/bot8325558482:AAHwj1ShurXIqeHOSNuTjHUgaoHo85fmxN0/getUpdates "HTTP/1.1 200 OK"
2026-06-29 14:42:02,302 - INFO - HTTP Request: POST https://api.telegram.org/bot8325558482:AAHwj1ShurXIqeHOSNuTjHUgaoHo85fmxN0/getUpdates "HTTP/1.1 200 OK"
2026-06-29 14:42:12,532 - INFO - HTTP Request: POST https://api.telegram.org/bot8325558482:AAHwj1ShurXIqeHOSNuTjHUgaoHo85fmxN0/getUpdates "HTTP/1.1 200 OK"
2026-06-29 14:42:22,739 - INFO - HTTP Request: POST https://api.telegram.org/bot8325558482:AAHwj1ShurXIqeHOSNuTjHUgaoHo85fmxN0/getUpdates "HTTP/1.1 200 OK"
2026-06-29 14:42:32,947 - INFO - HTTP Request: POST https://api.telegram.org/bot8325558482:AAHwj1ShurXIqeHOSNuTjHUgaoHo85fmxN0/getUpdates "HTTP/1.1 200 OK"
2026-06-29 14:42:43,231 - INFO - HTTP Request: POST https://api.telegram.org/bot8325558482:AAHwj1ShurXIqeHOSNuTjHUgaoHo85fmxN0/getUpdates "HTTP/1.1 200 OK"
2026-06-29 14:42:53,626 - INFO - HTTP Request: POST https://api.telegram.org/bot8325558482:AAHwj1ShurXIqeHOSNuTjHUgaoHo85fmxN0/getUpdates "HTTP/1.1 200 OK"
2026-06-29 14:43:04,131 - INFO - HTTP Request: POST https://api.telegram.org/bot8325558482:AAHwj1ShurXIqeHOSNuTjHUgaoHo85fmxN0/getUpdates "HTTP/1.1 200 OK"
2026-06-29 14:43:14,454 - INFO - HTTP Request: POST https://api.telegram.org/bot8325558482:AAHwj1ShurXIqeHOSNuTjHUgaoHo85fmxN0/getUpdates "HTTP/1.1 200 OK"
2026-06-29 14:43:24,673 - INFO - HTTP Request: POST https://api.telegram.org/bot8325558482:AAHwj1ShurXIqeHOSNuTjHUgaoHo85fmxN0/getUpdates "HTTP/1.1 200 OK"
2026-06-29 14:43:35,975 - INFO - HTTP Request: POST https://api.telegram.org/bot8325558482:AAHwj1ShurXIqeHOSNuTjHUgaoHo85fmxN0/getUpdates "HTTP/1.1 200 OK"
2026-06-29 14:43:46,202 - INFO - HTTP Request: POST https://api.telegram.org/bot8325558482:AAHwj1ShurXIqeHOSNuTjHUgaoHo85fmxN0/getUpdates "HTTP/1.1 200 OK"
2026-06-29 14:43:57,029 - INFO - HTTP Request: POST https://api.telegram.org/bot8325558482:AAHwj1ShurXIqeHOSNuTjHUgaoHo85fmxN0/getUpdates "HTTP/1.1 200 OK"
2026-06-29 14:44:07,939 - INFO - HTTP Request: POST https://api.telegram.org/bot8325558482:AAHwj1ShurXIqeHOSNuTjHUgaoHo85fmxN0/getUpdates "HTTP/1.1 200 OK"
2026-06-29 14:44:18,778 - INFO - HTTP Request: POST https://api.telegram.org/bot8325558482:AAHwj1ShurXIqeHOSNuTjHUgaoHo85fmxN0/getUpdates "HTTP/1.1 200 OK"
2026-06-29 14:44:28,996 - INFO - HTTP Request: POST https://api.telegram.org/bot8325558482:AAHwj1ShurXIqeHOSNuTjHUgaoHo85fmxN0/getUpdates "HTTP/1.1 200 OK"
2026-06-29 14:44:39,236 - INFO - HTTP Request: POST https://api.telegram.org/bot8325558482:AAHwj1ShurXIqeHOSNuTjHUgaoHo85fmxN0/getUpdates "HTTP/1.1 200 OK"
2026-06-29 14:44:49,454 - INFO - HTTP Request: POST https://api.telegram.org/bot8325558482:AAHwj1ShurXIqeHOSNuTjHUgaoHo85fmxN0/getUpdates "HTTP/1.1 200 OK"
2026-06-29 14:44:59,675 - INFO - HTTP Request: POST https://api.telegram.org/bot8325558482:AAHwj1ShurXIqeHOSNuTjHUgaoHo85fmxN0/getUpdates "HTTP/1.1 200 OK"
2026-06-29 14:45:09,895 - INFO - HTTP Request: POST https://api.telegram.org/bot8325558482:AAHwj1ShurXIqeHOSNuTjHUgaoHo85fmxN0/getUpdates "HTTP/1.1 200 OK"
2026-06-29 14:45:20,114 - INFO - HTTP Request: POST https://api.telegram.org/bot8325558482:AAHwj1ShurXIqeHOSNuTjHUgaoHo85fmxN0/getUpdates "HTTP/1.1 200 OK"
2026-06-29 14:45:30,363 - INFO - HTTP Request: POST https://api.telegram.org/bot8325558482:AAHwj1ShurXIqeHOSNuTjHUgaoHo85fmxN0/getUpdates "HTTP/1.1 200 OK"
2026-06-29 14:45:40,579 - INFO - HTTP Request: POST https://api.telegram.org/bot8325558482:AAHwj1ShurXIqeHOSNuTjHUgaoHo85fmxN0/getUpdates "HTTP/1.1 200 OK"
2026-06-29 14:45:50,795 - INFO - HTTP Request: POST https://api.telegram.org/bot8325558482:AAHwj1ShurXIqeHOSNuTjHUgaoHo85fmxN0/getUpdates "HTTP/1.1 200 OK"
2026-06-29 14:46:01,020 - INFO - HTTP Request: POST https://api.telegram.org/bot8325558482:AAHwj1ShurXIqeHOSNuTjHUgaoHo85fmxN0/getUpdates "HTTP/1.1 200 OK"
2026-06-29 14:46:11,277 - INFO - HTTP Request: POST https://api.telegram.org/bot8325558482:AAHwj1ShurXIqeHOSNuTjHUgaoHo85fmxN0/getUpdates "HTTP/1.1 200 OK"
2026-06-29 14:46:21,521 - INFO - HTTP Request: POST https://api.telegram.org/bot8325558482:AAHwj1ShurXIqeHOSNuTjHUgaoHo85fmxN0/getUpdates "HTTP/1.1 200 OK"
2026-06-29 14:46:31,758 - INFO - HTTP Request: POST https://api.telegram.org/bot8325558482:AAHwj1ShurXIqeHOSNuTjHUgaoHo85fmxN0/getUpdates "HTTP/1.1 200 OK"
2026-06-29 14:46:41,978 - INFO - HTTP Request: POST https://api.telegram.org/bot8325558482:AAHwj1ShurXIqeHOSNuTjHUgaoHo85fmxN0/getUpdates "HTTP/1.1 200 OK"
2026-06-29 14:46:52,196 - INFO - HTTP Request: POST https://api.telegram.org/bot8325558482:AAHwj1ShurXIqeHOSNuTjHUgaoHo85fmxN0/getUpdates "HTTP/1.1 200 OK"
2026-06-29 14:47:02,421 - INFO - HTTP Request: POST https://api.telegram.org/bot8325558482:AAHwj1ShurXIqeHOSNuTjHUgaoHo85fmxN0/getUpdates "HTTP/1.1 200 OK"
2026-06-29 14:47:12,705 - INFO - HTTP Request: POST https://api.telegram.org/bot8325558482:AAHwj1ShurXIqeHOSNuTjHUgaoHo85fmxN0/getUpdates "HTTP/1.1 200 OK"
2026-06-29 14:47:22,930 - INFO - HTTP Request: POST https://api.telegram.org/bot8325558482:AAHwj1ShurXIqeHOSNuTjHUgaoHo85fmxN0/getUpdates "HTTP/1.1 200 OK"
2026-06-29 14:47:33,165 - INFO - HTTP Request: POST https://api.telegram.org/bot8325558482:AAHwj1ShurXIqeHOSNuTjHUgaoHo85fmxN0/getUpdates "HTTP/1.1 200 OK"
2026-06-29 14:47:43,391 - INFO - HTTP Request: POST https://api.telegram.org/bot8325558482:AAHwj1ShurXIqeHOSNuTjHUgaoHo85fmxN0/getUpdates "HTTP/1.1 200 OK"
2026-06-29 14:47:53,610 - INFO - HTTP Request: POST https://api.telegram.org/bot8325558482:AAHwj1ShurXIqeHOSNuTjHUgaoHo85fmxN0/getUpdates "HTTP/1.1 200 OK"
2026-06-29 14:48:03,825 - INFO - HTTP Request: POST https://api.telegram.org/bot8325558482:AAHwj1ShurXIqeHOSNuTjHUgaoHo85fmxN0/getUpdates "HTTP/1.1 200 OK"
2026-06-29 14:48:14,043 - INFO - HTTP Request: POST https://api.telegram.org/bot8325558482:AAHwj1ShurXIqeHOSNuTjHUgaoHo85fmxN0/getUpdates "HTTP/1.1 200 OK"
2026-06-29 14:48:24,278 - INFO - HTTP Request: POST https://api.telegram.org/bot8325558482:AAHwj1ShurXIqeHOSNuTjHUgaoHo85fmxN0/getUpdates "HTTP/1.1 200 OK"
2026-06-29 14:48:34,507 - INFO - HTTP Request: POST https://api.telegram.org/bot8325558482:AAHwj1ShurXIqeHOSNuTjHUgaoHo85fmxN0/getUpdates "HTTP/1.1 200 OK"
2026-06-29 14:48:44,771 - INFO - HTTP Request: POST https://api.telegram.org/bot8325558482:AAHwj1ShurXIqeHOSNuTjHUgaoHo85fmxN0/getUpdates "HTTP/1.1 200 OK"
2026-06-29 14:48:55,000 - INFO - HTTP Request: POST https://api.telegram.org/bot8325558482:AAHwj1ShurXIqeHOSNuTjHUgaoHo85fmxN0/getUpdates "HTTP/1.1 200 OK"
2026-06-29 14:49:05,234 - INFO - HTTP Request: POST https://api.telegram.org/bot8325558482:AAHwj1ShurXIqeHOSNuTjHUgaoHo85fmxN0/getUpdates "HTTP/1.1 200 OK"
2026-06-29 14:49:15,458 - INFO - HTTP Request: POST https://api.telegram.org/bot8325558482:AAHwj1ShurXIqeHOSNuTjHUgaoHo85fmxN0/getUpdates "HTTP/1.1 200 OK"
2026-06-29 14:49:25,711 - INFO - HTTP Request: POST https://api.telegram.org/bot8325558482:AAHwj1ShurXIqeHOSNuTjHUgaoHo85fmxN0/getUpdates "HTTP/1.1 200 OK"
2026-06-29 14:49:35,998 - INFO - HTTP Request: POST https://api.telegram.org/bot8325558482:AAHwj1ShurXIqeHOSNuTjHUgaoHo85fmxN0/getUpdates "HTTP/1.1 200 OK"
2026-06-29 14:49:46,244 - INFO - HTTP Request: POST https://api.telegram.org/bot8325558482:AAHwj1ShurXIqeHOSNuTjHUgaoHo85fmxN0/getUpdates "HTTP/1.1 200 OK"
2026-06-29 14:49:56,601 - INFO - HTTP Request: POST https://api.telegram.org/bot8325558482:AAHwj1ShurXIqeHOSNuTjHUgaoHo85fmxN0/getUpdates "HTTP/1.1 200 OK"
2026-06-29 14:50:06,824 - INFO - HTTP Request: POST https://api.telegram.org/bot8325558482:AAHwj1ShurXIqeHOSNuTjHUgaoHo85fmxN0/getUpdates "HTTP/1.1 200 OK"
2026-06-29 14:50:17,045 - INFO - HTTP Request: POST https://api.telegram.org/bot8325558482:AAHwj1ShurXIqeHOSNuTjHUgaoHo85fmxN0/getUpdates "HTTP/1.1 200 OK"
2026-06-29 14:50:27,465 - INFO - HTTP Request: POST https://api.telegram.org/bot8325558482:AAHwj1ShurXIqeHOSNuTjHUgaoHo85fmxN0/getUpdates "HTTP/1.1 200 OK"
2026-06-29 14:50:37,704 - INFO - HTTP Request: POST https://api.telegram.org/bot8325558482:AAHwj1ShurXIqeHOSNuTjHUgaoHo85fmxN0/getUpdates "HTTP/1.1 200 OK"
2026-06-29 14:50:47,972 - INFO - HTTP Request: POST https://api.telegram.org/bot8325558482:AAHwj1ShurXIqeHOSNuTjHUgaoHo85fmxN0/getUpdates "HTTP/1.1 200 OK"
2026-06-29 14:50:58,207 - INFO - HTTP Request: POST https://api.telegram.org/bot8325558482:AAHwj1ShurXIqeHOSNuTjHUgaoHo85fmxN0/getUpdates "HTTP/1.1 200 OK"
2026-06-29 14:51:08,609 - INFO - HTTP Request: POST https://api.telegram.org/bot8325558482:AAHwj1ShurXIqeHOSNuTjHUgaoHo85fmxN0/getUpdates "HTTP/1.1 200 OK"
2026-06-29 14:51:18,868 - INFO - HTTP Request: POST https://api.telegram.org/bot8325558482:AAHwj1ShurXIqeHOSNuTjHUgaoHo85fmxN0/getUpdates "HTTP/1.1 200 OK"
2026-06-29 14:51:29,101 - INFO - HTTP Request: POST https://api.telegram.org/bot8325558482:AAHwj1ShurXIqeHOSNuTjHUgaoHo85fmxN0/getUpdates "HTTP/1.1 200 OK"
2026-06-29 14:51:39,368 - INFO - HTTP Request: POST https://api.telegram.org/bot8325558482:AAHwj1ShurXIqeHOSNuTjHUgaoHo85fmxN0/getUpdates "HTTP/1.1 200 OK"
2026-06-29 14:51:49,788 - INFO - HTTP Request: POST https://api.telegram.org/bot8325558482:AAHwj1ShurXIqeHOSNuTjHUgaoHo85fmxN0/getUpdates "HTTP/1.1 200 OK"
2026-06-29 14:52:00,041 - INFO - HTTP Request: POST https://api.telegram.org/bot8325558482:AAHwj1ShurXIqeHOSNuTjHUgaoHo85fmxN0/getUpdates "HTTP/1.1 200 OK"
2026-06-29 14:52:10,341 - INFO - HTTP Request: POST https://api.telegram.org/bot8325558482:AAHwj1ShurXIqeHOSNuTjHUgaoHo85fmxN0/getUpdates "HTTP/1.1 200 OK"
2026-06-29 14:55:25,021 - INFO - HTTP Request: POST https://api.telegram.org/bot8325558482:AAHwj1ShurXIqeHOSNuTjHUgaoHo85fmxN0/getMe "HTTP/1.1 200 OK"
2026-06-29 14:55:25,404 - INFO - HTTP Request: POST https://api.telegram.org/bot8325558482:AAHwj1ShurXIqeHOSNuTjHUgaoHo85fmxN0/deleteWebhook "HTTP/1.1 200 OK"
2026-06-29 14:55:25,407 - INFO - Application started
2026-06-29 14:55:28,450 - INFO - HTTP Request: POST https://api.telegram.org/bot8325558482:AAHwj1ShurXIqeHOSNuTjHUgaoHo85fmxN0/getUpdates "HTTP/1.1 200 OK"
2026-06-29 14:55:29,058 - INFO - HTTP Request: POST https://api.telegram.org/bot8325558482:AAHwj1ShurXIqeHOSNuTjHUgaoHo85fmxN0/sendMessage "HTTP/1.1 200 OK"
2026-06-29 14:55:38,690 - INFO - HTTP Request: POST https://api.telegram.org/bot8325558482:AAHwj1ShurXIqeHOSNuTjHUgaoHo85fmxN0/getUpdates "HTTP/1.1 200 OK"
2026-06-29 14:55:49,046 - INFO - HTTP Request: POST https://api.telegram.org/bot8325558482:AAHwj1ShurXIqeHOSNuTjHUgaoHo85fmxN0/getUpdates "HTTP/1.1 200 OK"
2026-06-29 14:55:59,362 - INFO - HTTP Request: POST https://api.telegram.org/bot8325558482:AAHwj1ShurXIqeHOSNuTjHUgaoHo85fmxN0/getUpdates "HTTP/1.1 200 OK"
2026-06-29 14:56:09,583 - INFO - HTTP Request: POST https://api.telegram.org/bot8325558482:AAHwj1ShurXIqeHOSNuTjHUgaoHo85fmxN0/getUpdates "HTTP/1.1 200 OK"
2026-06-29 14:56:19,802 - INFO - HTTP Request: POST https://api.telegram.org/bot8325558482:AAHwj1ShurXIqeHOSNuTjHUgaoHo85fmxN0/getUpdates "HTTP/1.1 200 OK"
2026-06-29 14:56:30,023 - INFO - HTTP Request: POST https://api.telegram.org/bot8325558482:AAHwj1ShurXIqeHOSNuTjHUgaoHo85fmxN0/getUpdates "HTTP/1.1 200 OK"
2026-06-29 14:56:40,225 - INFO - HTTP Request: POST https://api.telegram.org/bot8325558482:AAHwj1ShurXIqeHOSNuTjHUgaoHo85fmxN0/getUpdates "HTTP/1.1 200 OK"
2026-06-29 14:56:50,482 - INFO - HTTP Request: POST https://api.telegram.org/bot8325558482:AAHwj1ShurXIqeHOSNuTjHUgaoHo85fmxN0/getUpdates "HTTP/1.1 200 OK"
2026-06-29 14:57:00,717 - INFO - HTTP Request: POST https://api.telegram.org/bot8325558482:AAHwj1ShurXIqeHOSNuTjHUgaoHo85fmxN0/getUpdates "HTTP/1.1 200 OK"
2026-06-29 14:57:10,921 - INFO - HTTP Request: POST https://api.telegram.org/bot8325558482:AAHwj1ShurXIqeHOSNuTjHUgaoHo85fmxN0/getUpdates "HTTP/1.1 200 OK"
2026-06-29 14:57:21,141 - INFO - HTTP Request: POST https://api.telegram.org/bot8325558482:AAHwj1ShurXIqeHOSNuTjHUgaoHo85fmxN0/getUpdates "HTTP/1.1 200 OK"
2026-06-29 14:57:31,345 - INFO - HTTP Request: POST https://api.telegram.org/bot8325558482:AAHwj1ShurXIqeHOSNuTjHUgaoHo85fmxN0/getUpdates "HTTP/1.1 200 OK"
2026-06-29 14:57:41,599 - INFO - HTTP Request: POST https://api.telegram.org/bot8325558482:AAHwj1ShurXIqeHOSNuTjHUgaoHo85fmxN0/getUpdates "HTTP/1.1 200 OK"
2026-06-29 14:57:51,820 - INFO - HTTP Request: POST https://api.telegram.org/bot8325558482:AAHwj1ShurXIqeHOSNuTjHUgaoHo85fmxN0/getUpdates "HTTP/1.1 200 OK"
2026-06-29 14:58:02,075 - INFO - HTTP Request: POST https://api.telegram.org/bot8325558482:AAHwj1ShurXIqeHOSNuTjHUgaoHo85fmxN0/getUpdates "HTTP/1.1 200 OK"
2026-06-29 14:58:12,369 - INFO - HTTP Request: POST https://api.telegram.org/bot8325558482:AAHwj1ShurXIqeHOSNuTjHUgaoHo85fmxN0/getUpdates "HTTP/1.1 200 OK"
2026-06-29 14:58:22,589 - INFO - HTTP Request: POST https://api.telegram.org/bot8325558482:AAHwj1ShurXIqeHOSNuTjHUgaoHo85fmxN0/getUpdates "HTTP/1.1 200 OK"
2026-06-29 14:58:32,794 - INFO - HTTP Request: POST https://api.telegram.org/bot8325558482:AAHwj1ShurXIqeHOSNuTjHUgaoHo85fmxN0/getUpdates "HTTP/1.1 200 OK"
2026-06-29 14:58:42,999 - INFO - HTTP Request: POST https://api.telegram.org/bot8325558482:AAHwj1ShurXIqeHOSNuTjHUgaoHo85fmxN0/getUpdates "HTTP/1.1 200 OK"
2026-06-29 14:58:53,217 - INFO - HTTP Request: POST https://api.telegram.org/bot8325558482:AAHwj1ShurXIqeHOSNuTjHUgaoHo85fmxN0/getUpdates "HTTP/1.1 200 OK"
2026-06-29 14:59:03,425 - INFO - HTTP Request: POST https://api.telegram.org/bot8325558482:AAHwj1ShurXIqeHOSNuTjHUgaoHo85fmxN0/getUpdates "HTTP/1.1 200 OK"
2026-06-29 14:59:13,653 - INFO - HTTP Request: POST https://api.telegram.org/bot8325558482:AAHwj1ShurXIqeHOSNuTjHUgaoHo85fmxN0/getUpdates "HTTP/1.1 200 OK"
2026-06-29 14:59:23,914 - INFO - HTTP Request: POST https://api.telegram.org/bot8325558482:AAHwj1ShurXIqeHOSNuTjHUgaoHo85fmxN0/getUpdates "HTTP/1.1 200 OK"
2026-06-29 14:59:34,196 - INFO - HTTP Request: POST https://api.telegram.org/bot8325558482:AAHwj1ShurXIqeHOSNuTjHUgaoHo85fmxN0/getUpdates "HTTP/1.1 200 OK"
2026-06-29 14:59:44,504 - INFO - HTTP Request: POST https://api.telegram.org/bot8325558482:AAHwj1ShurXIqeHOSNuTjHUgaoHo85fmxN0/getUpdates "HTTP/1.1 200 OK"
2026-06-29 14:59:54,881 - INFO - HTTP Request: POST https://api.telegram.org/bot8325558482:AAHwj1ShurXIqeHOSNuTjHUgaoHo85fmxN0/getUpdates "HTTP/1.1 200 OK"
2026-06-29 15:00:05,126 - INFO - HTTP Request: POST https://api.telegram.org/bot8325558482:AAHwj1ShurXIqeHOSNuTjHUgaoHo85fmxN0/getUpdates "HTTP/1.1 200 OK"
2026-06-29 15:00:15,601 - INFO - HTTP Request: POST https://api.telegram.org/bot8325558482:AAHwj1ShurXIqeHOSNuTjHUgaoHo85fmxN0/getUpdates "HTTP/1.1 200 OK"
2026-06-29 15:00:25,810 - INFO - HTTP Request: POST https://api.telegram.org/bot8325558482:AAHwj1ShurXIqeHOSNuTjHUgaoHo85fmxN0/getUpdates "HTTP/1.1 200 OK"
2026-06-29 15:00:36,132 - INFO - HTTP Request: POST https://api.telegram.org/bot8325558482:AAHwj1ShurXIqeHOSNuTjHUgaoHo85fmxN0/getUpdates "HTTP/1.1 200 OK"
2026-06-29 15:00:46,340 - INFO - HTTP Request: POST https://api.telegram.org/bot8325558482:AAHwj1ShurXIqeHOSNuTjHUgaoHo85fmxN0/getUpdates "HTTP/1.1 200 OK"
2026-06-29 15:00:56,588 - INFO - HTTP Request: POST https://api.telegram.org/bot8325558482:AAHwj1ShurXIqeHOSNuTjHUgaoHo85fmxN0/getUpdates "HTTP/1.1 200 OK"
2026-06-29 15:01:06,796 - INFO - HTTP Request: POST https://api.telegram.org/bot8325558482:AAHwj1ShurXIqeHOSNuTjHUgaoHo85fmxN0/getUpdates "HTTP/1.1 200 OK"
2026-06-29 15:01:17,037 - INFO - HTTP Request: POST https://api.telegram.org/bot8325558482:AAHwj1ShurXIqeHOSNuTjHUgaoHo85fmxN0/getUpdates "HTTP/1.1 200 OK"
2026-06-29 15:01:27,258 - INFO - HTTP Request: POST https://api.telegram.org/bot8325558482:AAHwj1ShurXIqeHOSNuTjHUgaoHo85fmxN0/getUpdates "HTTP/1.1 200 OK"
2026-06-29 15:01:37,472 - INFO - HTTP Request: POST https://api.telegram.org/bot8325558482:AAHwj1ShurXIqeHOSNuTjHUgaoHo85fmxN0/getUpdates "HTTP/1.1 200 OK"
2026-06-29 15:01:47,728 - INFO - HTTP Request: POST https://api.telegram.org/bot8325558482:AAHwj1ShurXIqeHOSNuTjHUgaoHo85fmxN0/getUpdates "HTTP/1.1 200 OK"
2026-06-29 15:01:57,933 - INFO - HTTP Request: POST https://api.telegram.org/bot8325558482:AAHwj1ShurXIqeHOSNuTjHUgaoHo85fmxN0/getUpdates "HTTP/1.1 200 OK"
2026-06-29 15:02:08,165 - INFO - HTTP Request: POST https://api.telegram.org/bot8325558482:AAHwj1ShurXIqeHOSNuTjHUgaoHo85fmxN0/getUpdates "HTTP/1.1 200 OK"
2026-06-29 15:02:18,407 - INFO - HTTP Request: POST https://api.telegram.org/bot8325558482:AAHwj1ShurXIqeHOSNuTjHUgaoHo85fmxN0/getUpdates "HTTP/1.1 200 OK"
2026-06-29 15:02:28,669 - INFO - HTTP Request: POST https://api.telegram.org/bot8325558482:AAHwj1ShurXIqeHOSNuTjHUgaoHo85fmxN0/getUpdates "HTTP/1.1 200 OK"
2026-06-29 15:02:38,871 - INFO - HTTP Request: POST https://api.telegram.org/bot8325558482:AAHwj1ShurXIqeHOSNuTjHUgaoHo85fmxN0/getUpdates "HTTP/1.1 200 OK"
2026-06-29 15:02:49,193 - INFO - HTTP Request: POST https://api.telegram.org/bot8325558482:AAHwj1ShurXIqeHOSNuTjHUgaoHo85fmxN0/getUpdates "HTTP/1.1 200 OK"
2026-06-29 15:02:59,424 - INFO - HTTP Request: POST https://api.telegram.org/bot8325558482:AAHwj1ShurXIqeHOSNuTjHUgaoHo85fmxN0/getUpdates "HTTP/1.1 200 OK"
2026-06-29 15:03:09,641 - INFO - HTTP Request: POST https://api.telegram.org/bot8325558482:AAHwj1ShurXIqeHOSNuTjHUgaoHo85fmxN0/getUpdates "HTTP/1.1 200 OK"
2026-06-29 15:03:19,870 - INFO - HTTP Request: POST https://api.telegram.org/bot8325558482:AAHwj1ShurXIqeHOSNuTjHUgaoHo85fmxN0/getUpdates "HTTP/1.1 200 OK"
2026-06-29 15:03:30,089 - INFO - HTTP Request: POST https://api.telegram.org/bot8325558482:AAHwj1ShurXIqeHOSNuTjHUgaoHo85fmxN0/getUpdates "HTTP/1.1 200 OK"
2026-06-29 15:03:40,300 - INFO - HTTP Request: POST https://api.telegram.org/bot8325558482:AAHwj1ShurXIqeHOSNuTjHUgaoHo85fmxN0/getUpdates "HTTP/1.1 200 OK"
2026-06-29 15:03:50,507 - INFO - HTTP Request: POST https://api.telegram.org/bot8325558482:AAHwj1ShurXIqeHOSNuTjHUgaoHo85fmxN0/getUpdates "HTTP/1.1 200 OK"
2026-06-29 15:04:00,745 - INFO - HTTP Request: POST https://api.telegram.org/bot8325558482:AAHwj1ShurXIqeHOSNuTjHUgaoHo85fmxN0/getUpdates "HTTP/1.1 200 OK"
2026-06-29 15:04:11,000 - INFO - HTTP Request: POST https://api.telegram.org/bot8325558482:AAHwj1ShurXIqeHOSNuTjHUgaoHo85fmxN0/getUpdates "HTTP/1.1 200 OK"
2026-06-29 15:04:11,207 - ERROR - Error: httpx.ReadError: 
2026-06-29 15:04:22,908 - INFO - HTTP Request: POST https://api.telegram.org/bot8325558482:AAHwj1ShurXIqeHOSNuTjHUgaoHo85fmxN0/getUpdates "HTTP/1.1 200 OK"
2026-06-29 15:04:33,165 - INFO - HTTP Request: POST https://api.telegram.org/bot8325558482:AAHwj1ShurXIqeHOSNuTjHUgaoHo85fmxN0/getUpdates "HTTP/1.1 200 OK"
2026-06-29 15:04:43,371 - INFO - HTTP Request: POST https://api.telegram.org/bot8325558482:AAHwj1ShurXIqeHOSNuTjHUgaoHo85fmxN0/getUpdates "HTTP/1.1 200 OK"
2026-06-29 15:04:53,579 - INFO - HTTP Request: POST https://api.telegram.org/bot8325558482:AAHwj1ShurXIqeHOSNuTjHUgaoHo85fmxN0/getUpdates "HTTP/1.1 200 OK"
2026-06-29 15:05:03,812 - INFO - HTTP Request: POST https://api.telegram.org/bot8325558482:AAHwj1ShurXIqeHOSNuTjHUgaoHo85fmxN0/getUpdates "HTTP/1.1 200 OK"
2026-06-29 15:05:14,022 - INFO - HTTP Request: POST https://api.telegram.org/bot8325558482:AAHwj1ShurXIqeHOSNuTjHUgaoHo85fmxN0/getUpdates "HTTP/1.1 200 OK"
2026-06-29 15:05:24,280 - INFO - HTTP Request: POST https://api.telegram.org/bot8325558482:AAHwj1ShurXIqeHOSNuTjHUgaoHo85fmxN0/getUpdates "HTTP/1.1 200 OK"
2026-06-29 15:05:34,498 - INFO - HTTP Request: POST https://api.telegram.org/bot8325558482:AAHwj1ShurXIqeHOSNuTjHUgaoHo85fmxN0/getUpdates "HTTP/1.1 200 OK"
2026-06-29 15:05:44,706 - INFO - HTTP Request: POST https://api.telegram.org/bot8325558482:AAHwj1ShurXIqeHOSNuTjHUgaoHo85fmxN0/getUpdates "HTTP/1.1 200 OK"
2026-06-29 15:05:54,929 - INFO - HTTP Request: POST https://api.telegram.org/bot8325558482:AAHwj1ShurXIqeHOSNuTjHUgaoHo85fmxN0/getUpdates "HTTP/1.1 200 OK"
2026-06-29 15:06:05,391 - INFO - HTTP Request: POST https://api.telegram.org/bot8325558482:AAHwj1ShurXIqeHOSNuTjHUgaoHo85fmxN0/getUpdates "HTTP/1.1 200 OK"
2026-06-29 15:06:15,596 - INFO - HTTP Request: POST https://api.telegram.org/bot8325558482:AAHwj1ShurXIqeHOSNuTjHUgaoHo85fmxN0/getUpdates "HTTP/1.1 200 OK"
2026-06-29 15:06:25,831 - INFO - HTTP Request: POST https://api.telegram.org/bot8325558482:AAHwj1ShurXIqeHOSNuTjHUgaoHo85fmxN0/getUpdates "HTTP/1.1 200 OK"
2026-06-29 15:06:36,049 - INFO - HTTP Request: POST https://api.telegram.org/bot8325558482:AAHwj1ShurXIqeHOSNuTjHUgaoHo85fmxN0/getUpdates "HTTP/1.1 200 OK"
2026-06-29 15:06:46,336 - INFO - HTTP Request: POST https://api.telegram.org/bot8325558482:AAHwj1ShurXIqeHOSNuTjHUgaoHo85fmxN0/getUpdates "HTTP/1.1 200 OK"
2026-06-29 15:06:56,547 - INFO - HTTP Request: POST https://api.telegram.org/bot8325558482:AAHwj1ShurXIqeHOSNuTjHUgaoHo85fmxN0/getUpdates "HTTP/1.1 200 OK"
2026-06-29 15:07:06,761 - INFO - HTTP Request: POST https://api.telegram.org/bot8325558482:AAHwj1ShurXIqeHOSNuTjHUgaoHo85fmxN0/getUpdates "HTTP/1.1 200 OK"
2026-06-29 15:07:16,966 - INFO - HTTP Request: POST https://api.telegram.org/bot8325558482:AAHwj1ShurXIqeHOSNuTjHUgaoHo85fmxN0/getUpdates "HTTP/1.1 200 OK"
